==================================================
RUN STARTED: 2026-01-27 13:41:07
Run Folder: D:\RaihanFarid\Dokumen\faceRecog\process-run\Run_Process_TowerCPU_2026-01-27_13-41-07
PowerShell Script: process-run-0.ps1
Virtual Environment: D:\RaihanFarid\Dokumen\global-env\.venv
Python Script: D:\RaihanFarid\Dokumen\faceRecog\run_py\modular\entry_multi-USED-Magick.py
Arguments: --multi-source
Number of arguments: 1
==================================================

Execution started at: 2026-01-27 13:41:07
"D:\RaihanFarid\Dokumen\global-env\.venv\Scripts\python.exe" "D:\RaihanFarid\Dokumen\faceRecog\run_py\modular\entry_multi-USED-Magick.py" --multi-source


==================================================
EXECUTION SUMMARY
==================================================
PowerShell Script: process-run-0.ps1
Exit code: 0
Start time: 2026-01-27 13:41:07
End time: 2026-01-27 13:44:00
Duration: 00:02:52
Arguments passed to Python script:
  [0]: -
Python script created folders:
  - D:\RaihanFarid\Dokumen\faceRecog\process-run\Run_Process_TowerCPU_2026-01-27_13-41-07\script_output\multi_source_20260127_134301_Local-Camera-0_images
