Monitor started at: 01/26/2026 16:30:43
Monitoring run folder: C:\raihan\dokumen\project\global-env\faceRecog\process-run\Run_Process_TowerCPU_Resilient_2026-01-26_16-30-43
Check interval: 30 seconds
Max monitor time: 120 minutes
Max checks: 240
Check #1 at 01/26/2026 16:30:43 - Elapsed: 00:00:00
Check #2 at 01/26/2026 16:31:14 - Elapsed: 00:00:30
Check #3 at 01/26/2026 16:31:44 - Elapsed: 00:01:00
Check #4 at 01/26/2026 16:32:14 - Elapsed: 00:01:30
Check #5 at 01/26/2026 16:32:44 - Elapsed: 00:02:00
Check #6 at 01/26/2026 16:33:14 - Elapsed: 00:02:30
Check #7 at 01/26/2026 16:33:44 - Elapsed: 00:03:00
Check #8 at 01/26/2026 16:34:14 - Elapsed: 00:03:30
Check #9 at 01/26/2026 16:34:44 - Elapsed: 00:04:00
Check #10 at 01/26/2026 16:35:14 - Elapsed: 00:04:30
Check #11 at 01/26/2026 16:35:44 - Elapsed: 00:05:00
Check #12 at 01/26/2026 16:36:14 - Elapsed: 00:05:30
Check #13 at 01/26/2026 16:36:44 - Elapsed: 00:06:00
Check #14 at 01/26/2026 16:37:14 - Elapsed: 00:06:30
Check #15 at 01/26/2026 16:37:44 - Elapsed: 00:07:00
Check #16 at 01/26/2026 16:38:18 - Elapsed: 00:07:31
Check #17 at 01/26/2026 16:38:48 - Elapsed: 00:08:04
Check #18 at 01/26/2026 16:39:18 - Elapsed: 00:08:34
Check #19 at 01/26/2026 16:39:48 - Elapsed: 00:09:04
Check #20 at 01/26/2026 16:40:19 - Elapsed: 00:09:35
