==================================================
RUN STARTED: 2026-01-22 15:38:37
Run Folder: A:\SCMA\3-APD\fromAraya\faceRecog1\faceRecog\process-run\Run_Process_laptop2026-01-22_15-38-37
Virtual Environment: A:\SCMA\3-APD\fromAraya\faceRecog1\faceRecog\.venv
Python Script: A:\SCMA\3-APD\fromAraya\faceRecog1\faceRecog\run_py\modular\entry_multi-USED-Laptop.py
Arguments: --multi-source
Number of arguments: 1
==================================================

Execution started at: 2026-01-22 15:38:37
"A:\SCMA\3-APD\fromAraya\faceRecog1\faceRecog\.venv\Scripts\python.exe" "A:\SCMA\3-APD\fromAraya\faceRecog1\faceRecog\run_py\modular\entry_multi-USED-Laptop.py" --multi-source


==================================================
EXECUTION SUMMARY
==================================================
Exit code: 0
Start time: 2026-01-22 15:38:37
End time: 2026-01-22 15:41:44
Duration: 00:03:06
Arguments passed to Python script:
  [0]: -
Python script created folders:
  - A:\SCMA\3-APD\fromAraya\faceRecog1\faceRecog\process-run\Run_Process_laptop2026-01-22_15-38-37\script_output\multi_source_20260122_153947_Local-Camera-0_images
