==================================================
RUN STARTED: 2026-01-23 14:43:33
Run Folder: C:\raihan\dokumen\project\global-env\faceRecog\process-run\Run_Process_TowerCPU2026-01-23_14-43-33
Virtual Environment: C:\raihan\dokumen\project\global-env\faceRecog\.venv
Python Script: C:\raihan\dokumen\project\global-env\faceRecog\run_py\modular\entry_multi-USED-TowerCPU.py
Arguments: --multi-source
Number of arguments: 1
==================================================

Execution started at: 2026-01-23 14:43:33
"C:\raihan\dokumen\project\global-env\faceRecog\.venv\Scripts\python.exe" "C:\raihan\dokumen\project\global-env\faceRecog\run_py\modular\entry_multi-USED-TowerCPU.py" --multi-source


==================================================
EXECUTION SUMMARY
==================================================
Exit code: 0
Start time: 2026-01-23 14:43:33
End time: 2026-01-23 14:47:32
Duration: 00:03:59
Arguments passed to Python script:
  [0]: -
Python script created folders:
  - C:\raihan\dokumen\project\global-env\faceRecog\process-run\Run_Process_TowerCPU2026-01-23_14-43-33\script_output\multi_source_20260123_144354_Camera-101_images
  - C:\raihan\dokumen\project\global-env\faceRecog\process-run\Run_Process_TowerCPU2026-01-23_14-43-33\script_output\multi_source_20260123_144354_Camera-601_images
