==================================================
RUN STARTED: 2026-01-23 11:13:23
Run Folder: C:\raihan\dokumen\project\global-env\faceRecog\process-run\Run_Process_laptop2026-01-23_11-13-23
Virtual Environment: C:\raihan\dokumen\project\global-env\faceRecog\.venv
Python Script: C:\raihan\dokumen\project\global-env\faceRecog\run_py\modular\entry_multi-USED-TowerCPU.py
Arguments: --multi-source
Number of arguments: 1
==================================================

Execution started at: 2026-01-23 11:13:23
"C:\raihan\dokumen\project\global-env\faceRecog\.venv\Scripts\python.exe" "C:\raihan\dokumen\project\global-env\faceRecog\run_py\modular\entry_multi-USED-TowerCPU.py" --multi-source


==================================================
EXECUTION SUMMARY
==================================================
Exit code: 1
Start time: 2026-01-23 11:13:23
End time: 2026-01-23 11:13:41
Duration: 00:00:17
Arguments passed to Python script:
  [0]: -
No new folders were created by Python script in: C:\raihan\dokumen\project\global-env\faceRecog\process-run\Run_Process_laptop2026-01-23_11-13-23\script_output
