==================================================
RUN STARTED: 2026-01-23 11:06:14
Run Folder: C:\raihan\dokumen\project\global-env\faceRecog\process-run\Run_Process_laptop2026-01-23_11-06-14
Virtual Environment: C:\raihan\dokumen\project\global-env\faceRecog\.venv
Python Script: C:\raihan\dokumen\project\global-env\faceRecog\run_py\modular\entry_multi-USED-TowerCPU.py
Arguments: --multi-source
Number of arguments: 1
==================================================

Execution started at: 2026-01-23 11:06:14
"C:\raihan\dokumen\project\global-env\faceRecog\.venv\Scripts\python.exe" "C:\raihan\dokumen\project\global-env\faceRecog\run_py\modular\entry_multi-USED-TowerCPU.py" --multi-source


==================================================
EXECUTION SUMMARY
==================================================
Exit code: 0
Start time: 2026-01-23 11:06:14
End time: 2026-01-23 11:10:03
Duration: 00:03:49
Arguments passed to Python script:
  [0]: -
Python script created folders:
  - C:\raihan\dokumen\project\global-env\faceRecog\process-run\Run_Process_laptop2026-01-23_11-06-14\script_output\multi_source_20260123_110659_Camera-101_images
  - C:\raihan\dokumen\project\global-env\faceRecog\process-run\Run_Process_laptop2026-01-23_11-06-14\script_output\multi_source_20260123_110659_Camera-601_images
